<?xml version="1.0" encoding="UTF-8"?>
<testsuite xmlns:xsi="http://www.w3.org/2001/XMLSchema-instance" xsi:noNamespaceSchemaLocation="https://maven.apache.org/surefire/maven-surefire-plugin/xsd/surefire-test-report.xsd" name="TestSuite" time="78.959" tests="1" errors="0" skipped="1" failures="0">
  <properties>
[...]
</properties>
  <testcase name="scenario" classname="com.stepDefinition.BaseTest" time="0">
    <skipped message="Expected condition failed: waiting for title to contain &quot;Search Bus Tickets&quot;. Current title: &quot;Book Bus Travels, AC Volvo Bus, rPool &amp; Bus Hire - redBus India&quot; (tried for 60 second(s) with 500 milliseconds interval)&#10;Build info: version: &apos;3.141.59&apos;, revision: &apos;e82be7d358&apos;, time: &apos;2018-11-14T08:17:03&apos;&#10;System info: host: &apos;DESKTOP-2OHSKTF&apos;, ip: &apos;10.80.80.194&apos;, os.name: &apos;Windows 10&apos;, os.arch: &apos;amd64&apos;, os.version: &apos;10.0&apos;, java.version: &apos;1.8.0_241&apos;&#10;Driver info: org.openqa.selenium.chrome.ChromeDriver&#10;Capabilities {acceptInsecureCerts: false, browserName: chrome, browserVersion: 80.0.3987.106, chrome: {chromedriverVersion: 80.0.3987.106 (f68069574609..., userDataDir: C:\Users\GRHOMB~1\AppData\L...}, goog:chromeOptions: {debuggerAddress: localhost:63178}, javascriptEnabled: true, networkConnectionEnabled: false, pageLoadStrategy: normal, platform: WINDOWS, platformName: WINDOWS, proxy: Proxy(), setWindowRect: true, strictFileInteractability: false, timeouts: {implicit: 0, pageLoad: 300000, script: 30000}, unhandledPromptBehavior: dismiss and notify}&#10;Session ID: f469c37f47314b558878a4f3f042751f"/>
    <system-err><![CDATA[Starting ChromeDriver 80.0.3987.106 (f68069574609230cf9b635cd784cfb1bf81bb53a-refs/branch-heads/3987@{#882}) on port 48109
Only local connections are allowed.
Please protect ports used by ChromeDriver and related test frameworks to prevent access by malicious code.
[1582020396.079][WARNING]: Timed out connecting to Chrome, retrying...
Feb 18, 2020 3:36:38 PM org.openqa.selenium.remote.ProtocolHandshake createSession
INFO: Detected dialect: W3C
[1582020399.316][SEVERE]: Timed out receiving message from renderer: 0.100
[1582020399.640][SEVERE]: Timed out receiving message from renderer: 0.100
[1582020404.229][WARNING]: Timed out connecting to Chrome, retrying...
]]></system-err>
  </testcase>
</testsuite>